<?xml version="1.0" encoding="UTF-8"?>
<testsuite name="hw01.Task1Test" tests="3" skipped="0" failures="0" errors="0" timestamp="2015-09-19T19:22:23" hostname="YumatovMain" time="0.005">
  <properties/>
  <testcase name="oneelm" classname="hw01.Task1Test" time="0.004"/>
  <testcase name="zeroelm" classname="hw01.Task1Test" time="0.0"/>
  <testcase name="general" classname="hw01.Task1Test" time="0.0"/>
  <system-out><![CDATA[]]></system-out>
  <system-err><![CDATA[]]></system-err>
</testsuite>
