<?xml version="1.0" encoding="UTF-8"?>
<testsuite name="hw01.Task4Test" tests="4" skipped="0" failures="0" errors="0" timestamp="2015-09-19T19:22:23" hostname="YumatovMain" time="0.002">
  <properties/>
  <testcase name="ppower" classname="hw01.Task4Test" time="0.001"/>
  <testcase name="psub" classname="hw01.Task4Test" time="0.0"/>
  <testcase name="psum" classname="hw01.Task4Test" time="0.0"/>
  <testcase name="pmult" classname="hw01.Task4Test" time="0.0"/>
  <system-out><![CDATA[]]></system-out>
  <system-err><![CDATA[]]></system-err>
</testsuite>
